<?xml version="1.0" encoding="UTF-8"?>
<!-- Generated by org.testng.reporters.JUnitReportReporter -->
<testsuite hostname="DESKTOP-VUHHK71" failures="0" tests="3" name="testNG.TestNGDepends_On_Method" time="0.023" errors="0" timestamp="2024-06-08T20:57:39 IST" skipped="0">
  <testcase classname="testNG.TestNGDepends_On_Method" name="login" time="0.009"/>
  <system-out>
    <![CDATA[Login to application]]>
  </system-out>
  <testcase classname="testNG.TestNGDepends_On_Method" name="Logout" time="0.011"/>
  <system-out>
    <![CDATA[Logout to application]]>
  </system-out>
  <testcase classname="testNG.TestNGDepends_On_Method" name="TC10" time="0.003"/>
  <system-out>
    <![CDATA[Verify user name ]]>
  </system-out>
</testsuite> <!-- testNG.TestNGDepends_On_Method -->
