<?xml version="1.0" encoding="UTF-8"?>
<!-- Generated by org.testng.reporters.JUnitReportReporter -->
<testsuite hostname="DESKTOP-VUHHK71" failures="0" tests="6" name="testNG.TestNG3" time="0.069" errors="0" timestamp="2024-06-07T08:11:32 IST" skipped="0">
  <testcase classname="testNG.TestNG3" name="TC3" time="0.008"/>
  <system-out>
    <![CDATA[TC3 is running]]>
  </system-out>
  <testcase classname="testNG.TestNG3" name="TC3" time="0.004"/>
  <system-out>
    <![CDATA[TC3 is running]]>
  </system-out>
  <testcase classname="testNG.TestNG3" name="TC2" time="0.006"/>
  <system-out>
    <![CDATA[TC2 is running]]>
  </system-out>
  <testcase classname="testNG.TestNG3" name="TC3" time="0.011"/>
  <system-out>
    <![CDATA[TC3 is running]]>
  </system-out>
  <testcase classname="testNG.TestNG3" name="TC1" time="0.035"/>
  <system-out>
    <![CDATA[TC1 is running]]>
  </system-out>
  <testcase classname="testNG.TestNG3" name="TC3" time="0.005"/>
  <system-out>
    <![CDATA[TC3 is running]]>
  </system-out>
</testsuite> <!-- testNG.TestNG3 -->
