<?xml version="1.0" encoding="UTF-8"?>
<!-- Generated by org.testng.reporters.JUnitReportReporter -->
<testsuite hostname="DESKTOP-VUHHK71" failures="0" tests="1" name="testNG.TestNG2Annotation" time="0.007" errors="0" timestamp="2024-06-08T20:54:59 IST" skipped="0">
  <testcase classname="testNG.TestNG2Annotation" name="Loginapp" time="0.007"/>
  <system-out>
    <![CDATA[login done succesfully ]]>
  </system-out>
</testsuite> <!-- testNG.TestNG2Annotation -->
