<?xml version="1.0" encoding="UTF-8"?>
<!-- Generated by org.testng.reporters.JUnitReportReporter -->
<testsuite hostname="DESKTOP-VUHHK71" failures="0" tests="2" name="testNG.TestNG2" time="0.047" errors="0" timestamp="2024-06-06T08:56:12 IST" skipped="0">
  <testcase classname="testNG.TestNG2" name="Loginapp" time="0.037"/>
  <system-out>
    <![CDATA[login done succesfully ]]>
  </system-out>
  <testcase classname="testNG.TestNG2" name="Loginapp1" time="0.010"/>
  <system-out>
    <![CDATA[Hi Pune  ]]>
  </system-out>
</testsuite> <!-- testNG.TestNG2 -->
