<?xml version="1.0" encoding="UTF-8"?>
<!-- Generated by org.testng.reporters.JUnitReportReporter -->
<testsuite hostname="DESKTOP-VUHHK71" failures="0" tests="1" name="testNG.TestNG4" time="0.041" errors="0" timestamp="2024-06-07T08:25:49 IST" skipped="0">
  <testcase classname="testNG.TestNG4" name="test" time="0.041"/>
  <system-out>
    <![CDATA[test is running ]]>
  </system-out>
</testsuite> <!-- testNG.TestNG4 -->
