<?xml version="1.0" encoding="UTF-8"?>
<!-- Generated by org.testng.reporters.JUnitReportReporter -->
<testsuite hostname="DESKTOP-VUHHK71" failures="0" tests="2" name="verification.VerificationTrueOrfalse" time="0.040" errors="0" timestamp="2024-06-11T08:45:40 IST" skipped="0">
  <testcase classname="verification.VerificationTrueOrfalse" name="TC2" time="0.006"/>
  <system-out/>
  <testcase classname="verification.VerificationTrueOrfalse" name="TC1" time="0.034"/>
  <system-out/>
</testsuite> <!-- verification.VerificationTrueOrfalse -->
