<?xml version="1.0" encoding="UTF-8"?>
<!-- Generated by org.testng.reporters.JUnitReportReporter -->
<testsuite hostname="DESKTOP-VUHHK71" failures="0" tests="5" name="testNG.TestNG5" time="0.038" errors="0" timestamp="2024-06-07T08:44:36 IST" skipped="2">
  <testcase classname="testNG.TestNG5" name="sample" time="0.030"/>
  <system-out>
    <![CDATA[Sample is running ]]>
  </system-out>
  <testcase classname="testNG.TestNG5" name="test" time="0.005"/>
  <system-out>
    <![CDATA[test is running ]]>
  </system-out>
  <testcase classname="testNG.TestNG5" name="Study" time="0.003"/>
  <system-out>
    <![CDATA[study is running ]]>
  </system-out>
  <testcase classname="testNG.TestNG5" name="demo">
    <skipped/>
  </testcase> <!-- demo -->
  <system-out/>
  <testcase classname="testNG.TestNG5" name="demo1">
    <skipped/>
  </testcase> <!-- demo1 -->
  <system-out/>
</testsuite> <!-- testNG.TestNG5 -->
