<?xml version="1.0" encoding="UTF-8"?>
<!-- Generated by org.testng.reporters.JUnitReportReporter -->
<testsuite hostname="DESKTOP-VUHHK71" failures="0" tests="3" name="testNG.TestNG4Alphabetically" time="0.014" errors="0" timestamp="2024-06-08T20:57:39 IST" skipped="0">
  <testcase classname="testNG.TestNG4Alphabetically" name="demo" time="0.005"/>
  <system-out>
    <![CDATA[demo is running ]]>
  </system-out>
  <testcase classname="testNG.TestNG4Alphabetically" name="sample" time="0.003"/>
  <system-out>
    <![CDATA[Sample is running ]]>
  </system-out>
  <testcase classname="testNG.TestNG4Alphabetically" name="test" time="0.006"/>
  <system-out>
    <![CDATA[test is running ]]>
  </system-out>
</testsuite> <!-- testNG.TestNG4Alphabetically -->
