<?xml version="1.0" encoding="UTF-8"?>
<!-- Generated by org.testng.reporters.JUnitReportReporter -->
<testsuite hostname="DESKTOP-VUHHK71" failures="0" tests="1" name="testNG.TestNG6timeout" time="2.080" errors="0" timestamp="2024-06-08T20:57:39 IST" skipped="0">
  <testcase classname="testNG.TestNG6timeout" name="demo" time="2.080"/>
  <system-out>
    <![CDATA[Demo is running ]]>
  </system-out>
</testsuite> <!-- testNG.TestNG6timeout -->
