<?xml version="1.0" encoding="UTF-8"?>
<!-- Generated by org.testng.reporters.JUnitReportReporter -->
<testsuite hostname="DESKTOP-VUHHK71" failures="0" tests="2" name="testNG.TestNG1" time="0.045" errors="0" timestamp="2024-06-06T08:23:39 IST" skipped="0">
  <testcase classname="testNG.TestNG1" name="testCase1" time="0.039"/>
  <system-out>
    <![CDATA[TestCase 1 is running now]]>
  </system-out>
  <testcase classname="testNG.TestNG1" name="testCase2" time="0.006"/>
  <system-out>
    <![CDATA[TestCase 2 is running now]]>
  </system-out>
</testsuite> <!-- testNG.TestNG1 -->
